<?xml version="1.0" encoding="UTF-8"?>
<testsuite xmlns:xsi="http://www.w3.org/2001/XMLSchema-instance" xsi:noNamespaceSchemaLocation="https://maven.apache.org/surefire/maven-surefire-plugin/xsd/surefire-test-report.xsd" name="demo_java_app.app.AppTest" time="0.438" tests="14" errors="0" skipped="0" failures="0">
  <properties>
[...]
</properties>
  <testcase name="BeignsWithAg{String, Boolean}[1]" classname="demo_java_app.app.AppTest" time="0.112"/>
  <testcase name="BeignsWithAg{String, Boolean}[2]" classname="demo_java_app.app.AppTest" time="0.002"/>
  <testcase name="BeignsWithAg{String, Boolean}[3]" classname="demo_java_app.app.AppTest" time="0.002"/>
  <testcase name="BeignsWithAg{String, Boolean}[4]" classname="demo_java_app.app.AppTest" time="0.004"/>
  <testcase name="BeignsWithAg{String, Boolean}[5]" classname="demo_java_app.app.AppTest" time="0.005"/>
  <testcase name="BeignsWithAg{String, Boolean}[6]" classname="demo_java_app.app.AppTest" time="0.004"/>
  <testcase name="RandomlyPlacedG{String, Boolean}[1]" classname="demo_java_app.app.AppTest" time="0.003"/>
  <testcase name="RandomlyPlacedG{String, Boolean}[2]" classname="demo_java_app.app.AppTest" time="0.005"/>
  <testcase name="RandomlyPlacedG{String, Boolean}[3]" classname="demo_java_app.app.AppTest" time="0.003"/>
  <testcase name="RandomlyPlacedG{String, Boolean}[4]" classname="demo_java_app.app.AppTest" time="0.002"/>
  <testcase name="EndsWithAg{String, boolean}[1]" classname="demo_java_app.app.AppTest" time="0.002"/>
  <testcase name="EndsWithAg{String, boolean}[2]" classname="demo_java_app.app.AppTest" time="0.003"/>
  <testcase name="EndsWithAg{String, boolean}[3]" classname="demo_java_app.app.AppTest" time="0.001"/>
  <testcase name="EndsWithAg{String, boolean}[4]" classname="demo_java_app.app.AppTest" time="0.001"/>
</testsuite>